[06/Apr/2015 13:32:40] ERROR [django.request:231] Internal Server Error: /admin/
Traceback (most recent call last):
  File "/Users/erkan/Dev/Python/virtualenvs/postjust/lib/python2.7/site-packages/django/core/handlers/base.py", line 111, in get_response
    response = wrapped_callback(request, *callback_args, **callback_kwargs)
  File "/Users/erkan/Dev/Python/virtualenvs/postjust/lib/python2.7/site-packages/django/contrib/admin/sites.py", line 227, in wrapper
    return self.admin_view(view, cacheable)(*args, **kwargs)
  File "/Users/erkan/Dev/Python/virtualenvs/postjust/lib/python2.7/site-packages/django/utils/decorators.py", line 105, in _wrapped_view
    response = view_func(request, *args, **kwargs)
  File "/Users/erkan/Dev/Python/virtualenvs/postjust/lib/python2.7/site-packages/django/views/decorators/cache.py", line 52, in _wrapped_view_func
    response = view_func(request, *args, **kwargs)
  File "/Users/erkan/Dev/Python/virtualenvs/postjust/lib/python2.7/site-packages/django/contrib/admin/sites.py", line 195, in inner
    if not self.has_permission(request):
  File "/Users/erkan/Dev/Python/virtualenvs/postjust/lib/python2.7/site-packages/django/contrib/admin/sites.py", line 152, in has_permission
    return request.user.is_active and request.user.is_staff
  File "/Users/erkan/Dev/Python/virtualenvs/postjust/lib/python2.7/site-packages/django/utils/functional.py", line 224, in inner
    self._setup()
  File "/Users/erkan/Dev/Python/virtualenvs/postjust/lib/python2.7/site-packages/django/utils/functional.py", line 357, in _setup
    self._wrapped = self._setupfunc()
  File "/Users/erkan/Dev/Python/virtualenvs/postjust/lib/python2.7/site-packages/django/contrib/auth/middleware.py", line 22, in <lambda>
    request.user = SimpleLazyObject(lambda: get_user(request))
  File "/Users/erkan/Dev/Python/virtualenvs/postjust/lib/python2.7/site-packages/django/contrib/auth/middleware.py", line 10, in get_user
    request._cached_user = auth.get_user(request)
  File "/Users/erkan/Dev/Python/virtualenvs/postjust/lib/python2.7/site-packages/django/contrib/auth/__init__.py", line 152, in get_user
    user_id = request.session[SESSION_KEY]
  File "/Users/erkan/Dev/Python/virtualenvs/postjust/lib/python2.7/site-packages/django/contrib/sessions/backends/base.py", line 49, in __getitem__
    return self._session[key]
  File "/Users/erkan/Dev/Python/virtualenvs/postjust/lib/python2.7/site-packages/django/contrib/sessions/backends/base.py", line 175, in _get_session
    self._session_cache = self.load()
  File "/Users/erkan/Dev/Python/virtualenvs/postjust/lib/python2.7/site-packages/django/contrib/sessions/backends/db.py", line 21, in load
    expire_date__gt=timezone.now()
  File "/Users/erkan/Dev/Python/virtualenvs/postjust/lib/python2.7/site-packages/django/db/models/manager.py", line 92, in manager_method
    return getattr(self.get_queryset(), name)(*args, **kwargs)
  File "/Users/erkan/Dev/Python/virtualenvs/postjust/lib/python2.7/site-packages/django/db/models/query.py", line 351, in get
    num = len(clone)
  File "/Users/erkan/Dev/Python/virtualenvs/postjust/lib/python2.7/site-packages/django/db/models/query.py", line 122, in __len__
    self._fetch_all()
  File "/Users/erkan/Dev/Python/virtualenvs/postjust/lib/python2.7/site-packages/django/db/models/query.py", line 966, in _fetch_all
    self._result_cache = list(self.iterator())
  File "/Users/erkan/Dev/Python/virtualenvs/postjust/lib/python2.7/site-packages/django/db/models/query.py", line 265, in iterator
    for row in compiler.results_iter():
  File "/Users/erkan/Dev/Python/virtualenvs/postjust/lib/python2.7/site-packages/django/db/models/sql/compiler.py", line 700, in results_iter
    for rows in self.execute_sql(MULTI):
  File "/Users/erkan/Dev/Python/virtualenvs/postjust/lib/python2.7/site-packages/django/db/models/sql/compiler.py", line 775, in execute_sql
    sql, params = self.as_sql()
  File "/Users/erkan/Dev/Python/virtualenvs/postjust/lib/python2.7/site-packages/django/db/models/sql/compiler.py", line 100, in as_sql
    out_cols, s_params = self.get_columns(with_col_aliases)
  File "/Users/erkan/Dev/Python/virtualenvs/postjust/lib/python2.7/site-packages/django/db/models/sql/compiler.py", line 246, in get_columns
    col_aliases)
  File "/Users/erkan/Dev/Python/virtualenvs/postjust/lib/python2.7/site-packages/django/db/models/sql/compiler.py", line 328, in get_default_columns
    r = '%s.%s' % (qn(alias), qn2(column))
  File "/Users/erkan/Dev/Python/virtualenvs/postjust/lib/python2.7/site-packages/django/db/models/sql/compiler.py", line 62, in __call__
    r = self.connection.ops.quote_name(name)
  File "/Users/erkan/Dev/Python/virtualenvs/postjust/lib/python2.7/site-packages/django/db/backends/dummy/base.py", line 18, in complain
    raise ImproperlyConfigured("settings.DATABASES is improperly configured. "
ImproperlyConfigured: settings.DATABASES is improperly configured. Please supply the ENGINE value. Check settings documentation for more details.
[06/Apr/2015 13:32:41] ERROR [django.request:231] Internal Server Error: /
Traceback (most recent call last):
  File "/Users/erkan/Dev/Python/virtualenvs/postjust/lib/python2.7/site-packages/django/core/handlers/base.py", line 111, in get_response
    response = wrapped_callback(request, *callback_args, **callback_kwargs)
  File "/Users/erkan/Dev/Python/postjust/pages/views.py", line 11, in mainpage
    currentPage = Page.objects.get(title = "homepage")
  File "/Users/erkan/Dev/Python/virtualenvs/postjust/lib/python2.7/site-packages/django/db/models/manager.py", line 92, in manager_method
    return getattr(self.get_queryset(), name)(*args, **kwargs)
  File "/Users/erkan/Dev/Python/virtualenvs/postjust/lib/python2.7/site-packages/django/db/models/query.py", line 351, in get
    num = len(clone)
  File "/Users/erkan/Dev/Python/virtualenvs/postjust/lib/python2.7/site-packages/django/db/models/query.py", line 122, in __len__
    self._fetch_all()
  File "/Users/erkan/Dev/Python/virtualenvs/postjust/lib/python2.7/site-packages/django/db/models/query.py", line 966, in _fetch_all
    self._result_cache = list(self.iterator())
  File "/Users/erkan/Dev/Python/virtualenvs/postjust/lib/python2.7/site-packages/django/db/models/query.py", line 265, in iterator
    for row in compiler.results_iter():
  File "/Users/erkan/Dev/Python/virtualenvs/postjust/lib/python2.7/site-packages/django/db/models/sql/compiler.py", line 700, in results_iter
    for rows in self.execute_sql(MULTI):
  File "/Users/erkan/Dev/Python/virtualenvs/postjust/lib/python2.7/site-packages/django/db/models/sql/compiler.py", line 775, in execute_sql
    sql, params = self.as_sql()
  File "/Users/erkan/Dev/Python/virtualenvs/postjust/lib/python2.7/site-packages/django/db/models/sql/compiler.py", line 100, in as_sql
    out_cols, s_params = self.get_columns(with_col_aliases)
  File "/Users/erkan/Dev/Python/virtualenvs/postjust/lib/python2.7/site-packages/django/db/models/sql/compiler.py", line 246, in get_columns
    col_aliases)
  File "/Users/erkan/Dev/Python/virtualenvs/postjust/lib/python2.7/site-packages/django/db/models/sql/compiler.py", line 328, in get_default_columns
    r = '%s.%s' % (qn(alias), qn2(column))
  File "/Users/erkan/Dev/Python/virtualenvs/postjust/lib/python2.7/site-packages/django/db/models/sql/compiler.py", line 62, in __call__
    r = self.connection.ops.quote_name(name)
  File "/Users/erkan/Dev/Python/virtualenvs/postjust/lib/python2.7/site-packages/django/db/backends/dummy/base.py", line 18, in complain
    raise ImproperlyConfigured("settings.DATABASES is improperly configured. "
ImproperlyConfigured: settings.DATABASES is improperly configured. Please supply the ENGINE value. Check settings documentation for more details.
[06/Apr/2015 13:38:36] ERROR [django.request:231] Internal Server Error: /blog/
Traceback (most recent call last):
  File "/Users/erkan/Dev/Python/virtualenvs/postjust/lib/python2.7/site-packages/django/core/handlers/base.py", line 111, in get_response
    response = wrapped_callback(request, *callback_args, **callback_kwargs)
  File "/Users/erkan/Dev/Python/postjust/blog/views.py", line 9, in blogPostList
    return render(request, 'blogMainPage.html', {'postList' : postList})
  File "/Users/erkan/Dev/Python/virtualenvs/postjust/lib/python2.7/site-packages/django/shortcuts.py", line 50, in render
    return HttpResponse(loader.render_to_string(*args, **kwargs),
  File "/Users/erkan/Dev/Python/virtualenvs/postjust/lib/python2.7/site-packages/django/template/loader.py", line 178, in render_to_string
    return t.render(context_instance)
  File "/Users/erkan/Dev/Python/virtualenvs/postjust/lib/python2.7/site-packages/django/template/base.py", line 148, in render
    return self._render(context)
  File "/Users/erkan/Dev/Python/virtualenvs/postjust/lib/python2.7/site-packages/django/template/base.py", line 142, in _render
    return self.nodelist.render(context)
  File "/Users/erkan/Dev/Python/virtualenvs/postjust/lib/python2.7/site-packages/django/template/base.py", line 844, in render
    bit = self.render_node(node, context)
  File "/Users/erkan/Dev/Python/virtualenvs/postjust/lib/python2.7/site-packages/django/template/base.py", line 858, in render_node
    return node.render(context)
  File "/Users/erkan/Dev/Python/virtualenvs/postjust/lib/python2.7/site-packages/django/template/loader_tags.py", line 104, in render
    compiled_parent = self.get_parent(context)
  File "/Users/erkan/Dev/Python/virtualenvs/postjust/lib/python2.7/site-packages/django/template/loader_tags.py", line 101, in get_parent
    return get_template(parent)
  File "/Users/erkan/Dev/Python/virtualenvs/postjust/lib/python2.7/site-packages/django/template/loader.py", line 144, in get_template
    template, origin = find_template(template_name, dirs)
  File "/Users/erkan/Dev/Python/virtualenvs/postjust/lib/python2.7/site-packages/django/template/loader.py", line 132, in find_template
    source, display_name = loader(name, dirs)
  File "/Users/erkan/Dev/Python/virtualenvs/postjust/lib/python2.7/site-packages/django/template/loader.py", line 44, in __call__
    return self.load_template(template_name, template_dirs)
  File "/Users/erkan/Dev/Python/virtualenvs/postjust/lib/python2.7/site-packages/django/template/loader.py", line 50, in load_template
    template = get_template_from_string(source, origin, template_name)
  File "/Users/erkan/Dev/Python/virtualenvs/postjust/lib/python2.7/site-packages/django/template/loader.py", line 156, in get_template_from_string
    return Template(source, origin, name)
  File "/Users/erkan/Dev/Python/virtualenvs/postjust/lib/python2.7/site-packages/django/template/base.py", line 132, in __init__
    self.nodelist = compile_string(template_string, origin)
  File "/Users/erkan/Dev/Python/virtualenvs/postjust/lib/python2.7/site-packages/django/template/base.py", line 162, in compile_string
    return parser.parse()
  File "/Users/erkan/Dev/Python/virtualenvs/postjust/lib/python2.7/site-packages/django/template/base.py", line 290, in parse
    compiled_result = compile_func(self, token)
  File "/Users/erkan/Dev/Python/virtualenvs/postjust/lib/python2.7/site-packages/django/template/defaulttags.py", line 833, in do_for
    nodelist_loop = parser.parse(('empty', 'endfor',))
  File "/Users/erkan/Dev/Python/virtualenvs/postjust/lib/python2.7/site-packages/django/template/base.py", line 290, in parse
    compiled_result = compile_func(self, token)
  File "/Users/erkan/Dev/Python/virtualenvs/postjust/lib/python2.7/site-packages/django/template/defaulttags.py", line 974, in do_if
    condition = TemplateIfParser(parser, bits).parse()
  File "/Users/erkan/Dev/Python/virtualenvs/postjust/lib/python2.7/site-packages/django/template/smartif.py", line 188, in parse
    retval = self.expression()
  File "/Users/erkan/Dev/Python/virtualenvs/postjust/lib/python2.7/site-packages/django/template/smartif.py", line 202, in expression
    left = t.led(left, self)
  File "/Users/erkan/Dev/Python/virtualenvs/postjust/lib/python2.7/site-packages/django/template/smartif.py", line 30, in led
    "Not expecting '%s' as infix operator in if tag." % self.id
TemplateSyntaxError: Not expecting 'not' as infix operator in if tag.
[06/Apr/2015 13:38:53] ERROR [django.request:231] Internal Server Error: /blog/
Traceback (most recent call last):
  File "/Users/erkan/Dev/Python/virtualenvs/postjust/lib/python2.7/site-packages/django/core/handlers/base.py", line 111, in get_response
    response = wrapped_callback(request, *callback_args, **callback_kwargs)
  File "/Users/erkan/Dev/Python/postjust/blog/views.py", line 9, in blogPostList
    return render(request, 'blogMainPage.html', {'postList' : postList})
  File "/Users/erkan/Dev/Python/virtualenvs/postjust/lib/python2.7/site-packages/django/shortcuts.py", line 50, in render
    return HttpResponse(loader.render_to_string(*args, **kwargs),
  File "/Users/erkan/Dev/Python/virtualenvs/postjust/lib/python2.7/site-packages/django/template/loader.py", line 178, in render_to_string
    return t.render(context_instance)
  File "/Users/erkan/Dev/Python/virtualenvs/postjust/lib/python2.7/site-packages/django/template/base.py", line 148, in render
    return self._render(context)
  File "/Users/erkan/Dev/Python/virtualenvs/postjust/lib/python2.7/site-packages/django/template/base.py", line 142, in _render
    return self.nodelist.render(context)
  File "/Users/erkan/Dev/Python/virtualenvs/postjust/lib/python2.7/site-packages/django/template/base.py", line 844, in render
    bit = self.render_node(node, context)
  File "/Users/erkan/Dev/Python/virtualenvs/postjust/lib/python2.7/site-packages/django/template/base.py", line 858, in render_node
    return node.render(context)
  File "/Users/erkan/Dev/Python/virtualenvs/postjust/lib/python2.7/site-packages/django/template/loader_tags.py", line 104, in render
    compiled_parent = self.get_parent(context)
  File "/Users/erkan/Dev/Python/virtualenvs/postjust/lib/python2.7/site-packages/django/template/loader_tags.py", line 101, in get_parent
    return get_template(parent)
  File "/Users/erkan/Dev/Python/virtualenvs/postjust/lib/python2.7/site-packages/django/template/loader.py", line 144, in get_template
    template, origin = find_template(template_name, dirs)
  File "/Users/erkan/Dev/Python/virtualenvs/postjust/lib/python2.7/site-packages/django/template/loader.py", line 132, in find_template
    source, display_name = loader(name, dirs)
  File "/Users/erkan/Dev/Python/virtualenvs/postjust/lib/python2.7/site-packages/django/template/loader.py", line 44, in __call__
    return self.load_template(template_name, template_dirs)
  File "/Users/erkan/Dev/Python/virtualenvs/postjust/lib/python2.7/site-packages/django/template/loader.py", line 50, in load_template
    template = get_template_from_string(source, origin, template_name)
  File "/Users/erkan/Dev/Python/virtualenvs/postjust/lib/python2.7/site-packages/django/template/loader.py", line 156, in get_template_from_string
    return Template(source, origin, name)
  File "/Users/erkan/Dev/Python/virtualenvs/postjust/lib/python2.7/site-packages/django/template/base.py", line 132, in __init__
    self.nodelist = compile_string(template_string, origin)
  File "/Users/erkan/Dev/Python/virtualenvs/postjust/lib/python2.7/site-packages/django/template/base.py", line 162, in compile_string
    return parser.parse()
  File "/Users/erkan/Dev/Python/virtualenvs/postjust/lib/python2.7/site-packages/django/template/base.py", line 290, in parse
    compiled_result = compile_func(self, token)
  File "/Users/erkan/Dev/Python/virtualenvs/postjust/lib/python2.7/site-packages/django/template/defaulttags.py", line 833, in do_for
    nodelist_loop = parser.parse(('empty', 'endfor',))
  File "/Users/erkan/Dev/Python/virtualenvs/postjust/lib/python2.7/site-packages/django/template/base.py", line 290, in parse
    compiled_result = compile_func(self, token)
  File "/Users/erkan/Dev/Python/virtualenvs/postjust/lib/python2.7/site-packages/django/template/defaulttags.py", line 974, in do_if
    condition = TemplateIfParser(parser, bits).parse()
  File "/Users/erkan/Dev/Python/virtualenvs/postjust/lib/python2.7/site-packages/django/template/smartif.py", line 188, in parse
    retval = self.expression()
  File "/Users/erkan/Dev/Python/virtualenvs/postjust/lib/python2.7/site-packages/django/template/smartif.py", line 202, in expression
    left = t.led(left, self)
  File "/Users/erkan/Dev/Python/virtualenvs/postjust/lib/python2.7/site-packages/django/template/smartif.py", line 30, in led
    "Not expecting '%s' as infix operator in if tag." % self.id
TemplateSyntaxError: Not expecting 'not' as infix operator in if tag.
[06/Apr/2015 13:38:53] DEBUG [django.db.backends:91] (0.003) QUERY = u'SELECT "blog_blogpost"."id", "blog_blogpost"."title", "blog_blogpost"."slug", "blog_blogpost"."published", "blog_blogpost"."teaser", "blog_blogpost"."content", "blog_blogpost"."date" FROM "blog_blogpost" ORDER BY "blog_blogpost"."id" DESC LIMIT 5' - PARAMS = (); args=()
[06/Apr/2015 13:38:53] DEBUG [django.db.backends:91] (0.000) QUERY = u'SELECT "blog_blogpost"."id", "blog_blogpost"."title", "blog_blogpost"."slug", "blog_blogpost"."published", "blog_blogpost"."teaser", "blog_blogpost"."content", "blog_blogpost"."date" FROM "blog_blogpost" ORDER BY "blog_blogpost"."id" DESC LIMIT 5' - PARAMS = (); args=()
[06/Apr/2015 13:38:53] DEBUG [django.db.backends:91] (0.000) QUERY = u'SELECT "blog_blogpost"."id", "blog_blogpost"."title", "blog_blogpost"."slug", "blog_blogpost"."published", "blog_blogpost"."teaser", "blog_blogpost"."content", "blog_blogpost"."date" FROM "blog_blogpost" ORDER BY "blog_blogpost"."id" DESC LIMIT 5' - PARAMS = (); args=()
[06/Apr/2015 13:38:53] DEBUG [django.db.backends:91] (0.000) QUERY = u'SELECT "blog_blogpost"."id", "blog_blogpost"."title", "blog_blogpost"."slug", "blog_blogpost"."published", "blog_blogpost"."teaser", "blog_blogpost"."content", "blog_blogpost"."date" FROM "blog_blogpost" ORDER BY "blog_blogpost"."id" DESC LIMIT 5' - PARAMS = (); args=()
[06/Apr/2015 13:38:53] DEBUG [django.db.backends:91] (0.000) QUERY = u'SELECT "pages_page"."id", "pages_page"."title", "pages_page"."slug", "pages_page"."published", "pages_page"."content", "pages_page"."date" FROM "pages_page" LIMIT 21' - PARAMS = (); args=()
[06/Apr/2015 13:38:53] DEBUG [django.db.backends:91] (0.000) QUERY = u'SELECT "pages_page"."id", "pages_page"."title", "pages_page"."slug", "pages_page"."published", "pages_page"."content", "pages_page"."date" FROM "pages_page" LIMIT 21' - PARAMS = (); args=()
[06/Apr/2015 13:38:53] DEBUG [django.db.backends:91] (0.000) QUERY = u'SELECT "pages_page"."id", "pages_page"."title", "pages_page"."slug", "pages_page"."published", "pages_page"."content", "pages_page"."date" FROM "pages_page" LIMIT 21' - PARAMS = (); args=()
[06/Apr/2015 13:38:53] DEBUG [django.db.backends:91] (0.000) QUERY = u'SELECT "blog_blogpost"."id", "blog_blogpost"."title", "blog_blogpost"."slug", "blog_blogpost"."published", "blog_blogpost"."teaser", "blog_blogpost"."content", "blog_blogpost"."date" FROM "blog_blogpost" ORDER BY "blog_blogpost"."id" DESC LIMIT 5' - PARAMS = (); args=()
[06/Apr/2015 13:38:53] DEBUG [django.db.backends:91] (0.000) QUERY = u'SELECT "blog_blogpost"."id", "blog_blogpost"."title", "blog_blogpost"."slug", "blog_blogpost"."published", "blog_blogpost"."teaser", "blog_blogpost"."content", "blog_blogpost"."date" FROM "blog_blogpost" ORDER BY "blog_blogpost"."id" DESC LIMIT 5' - PARAMS = (); args=()
[06/Apr/2015 13:38:53] DEBUG [django.db.backends:91] (0.000) QUERY = u'SELECT "pages_page"."id", "pages_page"."title", "pages_page"."slug", "pages_page"."published", "pages_page"."content", "pages_page"."date" FROM "pages_page" LIMIT 21' - PARAMS = (); args=()
[06/Apr/2015 13:38:53] DEBUG [django.db.backends:91] (0.000) QUERY = u'SELECT "pages_page"."id", "pages_page"."title", "pages_page"."slug", "pages_page"."published", "pages_page"."content", "pages_page"."date" FROM "pages_page" LIMIT 21' - PARAMS = (); args=()
[06/Apr/2015 13:38:53] DEBUG [django.db.backends:91] (0.000) QUERY = u'SELECT "pages_page"."id", "pages_page"."title", "pages_page"."slug", "pages_page"."published", "pages_page"."content", "pages_page"."date" FROM "pages_page" LIMIT 21' - PARAMS = (); args=()
[06/Apr/2015 13:38:53] DEBUG [django.db.backends:91] (0.000) QUERY = u'SELECT "pages_page"."id", "pages_page"."title", "pages_page"."slug", "pages_page"."published", "pages_page"."content", "pages_page"."date" FROM "pages_page" LIMIT 21' - PARAMS = (); args=()
[06/Apr/2015 13:38:53] DEBUG [django.db.backends:91] (0.000) QUERY = u'SELECT "pages_page"."id", "pages_page"."title", "pages_page"."slug", "pages_page"."published", "pages_page"."content", "pages_page"."date" FROM "pages_page" LIMIT 21' - PARAMS = (); args=()
[06/Apr/2015 13:38:53] DEBUG [django.db.backends:91] (0.000) QUERY = u'SELECT "pages_page"."id", "pages_page"."title", "pages_page"."slug", "pages_page"."published", "pages_page"."content", "pages_page"."date" FROM "pages_page" LIMIT 21' - PARAMS = (); args=()
[06/Apr/2015 13:38:53] DEBUG [django.db.backends:91] (0.000) QUERY = u'SELECT "pages_page"."id", "pages_page"."title", "pages_page"."slug", "pages_page"."published", "pages_page"."content", "pages_page"."date" FROM "pages_page" LIMIT 21' - PARAMS = (); args=()
[06/Apr/2015 13:39:28] ERROR [django.request:231] Internal Server Error: /blog/
Traceback (most recent call last):
  File "/Users/erkan/Dev/Python/virtualenvs/postjust/lib/python2.7/site-packages/django/core/handlers/base.py", line 111, in get_response
    response = wrapped_callback(request, *callback_args, **callback_kwargs)
  File "/Users/erkan/Dev/Python/postjust/blog/views.py", line 9, in blogPostList
    return render(request, 'blogMainPage.html', {'postList' : postList})
  File "/Users/erkan/Dev/Python/virtualenvs/postjust/lib/python2.7/site-packages/django/shortcuts.py", line 50, in render
    return HttpResponse(loader.render_to_string(*args, **kwargs),
  File "/Users/erkan/Dev/Python/virtualenvs/postjust/lib/python2.7/site-packages/django/template/loader.py", line 178, in render_to_string
    return t.render(context_instance)
  File "/Users/erkan/Dev/Python/virtualenvs/postjust/lib/python2.7/site-packages/django/template/base.py", line 148, in render
    return self._render(context)
  File "/Users/erkan/Dev/Python/virtualenvs/postjust/lib/python2.7/site-packages/django/template/base.py", line 142, in _render
    return self.nodelist.render(context)
  File "/Users/erkan/Dev/Python/virtualenvs/postjust/lib/python2.7/site-packages/django/template/base.py", line 844, in render
    bit = self.render_node(node, context)
  File "/Users/erkan/Dev/Python/virtualenvs/postjust/lib/python2.7/site-packages/django/template/base.py", line 858, in render_node
    return node.render(context)
  File "/Users/erkan/Dev/Python/virtualenvs/postjust/lib/python2.7/site-packages/django/template/loader_tags.py", line 104, in render
    compiled_parent = self.get_parent(context)
  File "/Users/erkan/Dev/Python/virtualenvs/postjust/lib/python2.7/site-packages/django/template/loader_tags.py", line 101, in get_parent
    return get_template(parent)
  File "/Users/erkan/Dev/Python/virtualenvs/postjust/lib/python2.7/site-packages/django/template/loader.py", line 144, in get_template
    template, origin = find_template(template_name, dirs)
  File "/Users/erkan/Dev/Python/virtualenvs/postjust/lib/python2.7/site-packages/django/template/loader.py", line 132, in find_template
    source, display_name = loader(name, dirs)
  File "/Users/erkan/Dev/Python/virtualenvs/postjust/lib/python2.7/site-packages/django/template/loader.py", line 44, in __call__
    return self.load_template(template_name, template_dirs)
  File "/Users/erkan/Dev/Python/virtualenvs/postjust/lib/python2.7/site-packages/django/template/loader.py", line 50, in load_template
    template = get_template_from_string(source, origin, template_name)
  File "/Users/erkan/Dev/Python/virtualenvs/postjust/lib/python2.7/site-packages/django/template/loader.py", line 156, in get_template_from_string
    return Template(source, origin, name)
  File "/Users/erkan/Dev/Python/virtualenvs/postjust/lib/python2.7/site-packages/django/template/base.py", line 132, in __init__
    self.nodelist = compile_string(template_string, origin)
  File "/Users/erkan/Dev/Python/virtualenvs/postjust/lib/python2.7/site-packages/django/template/base.py", line 162, in compile_string
    return parser.parse()
  File "/Users/erkan/Dev/Python/virtualenvs/postjust/lib/python2.7/site-packages/django/template/base.py", line 290, in parse
    compiled_result = compile_func(self, token)
  File "/Users/erkan/Dev/Python/virtualenvs/postjust/lib/python2.7/site-packages/django/template/defaulttags.py", line 833, in do_for
    nodelist_loop = parser.parse(('empty', 'endfor',))
  File "/Users/erkan/Dev/Python/virtualenvs/postjust/lib/python2.7/site-packages/django/template/base.py", line 290, in parse
    compiled_result = compile_func(self, token)
  File "/Users/erkan/Dev/Python/virtualenvs/postjust/lib/python2.7/site-packages/django/template/defaulttags.py", line 974, in do_if
    condition = TemplateIfParser(parser, bits).parse()
  File "/Users/erkan/Dev/Python/virtualenvs/postjust/lib/python2.7/site-packages/django/template/defaulttags.py", line 906, in __init__
    super(TemplateIfParser, self).__init__(*args, **kwargs)
  File "/Users/erkan/Dev/Python/virtualenvs/postjust/lib/python2.7/site-packages/django/template/smartif.py", line 164, in __init__
    mapped_tokens.append(self.translate_token(token))
  File "/Users/erkan/Dev/Python/virtualenvs/postjust/lib/python2.7/site-packages/django/template/smartif.py", line 175, in translate_token
    return self.create_var(token)
  File "/Users/erkan/Dev/Python/virtualenvs/postjust/lib/python2.7/site-packages/django/template/defaulttags.py", line 909, in create_var
    return TemplateLiteral(self.template_parser.compile_filter(value), value)
  File "/Users/erkan/Dev/Python/virtualenvs/postjust/lib/python2.7/site-packages/django/template/base.py", line 372, in compile_filter
    return FilterExpression(token, self)
  File "/Users/erkan/Dev/Python/virtualenvs/postjust/lib/python2.7/site-packages/django/template/base.py", line 588, in __init__
    "from '%s'" % (token[upto:], token))
TemplateSyntaxError: Could not parse the remainder: ':' from ''homepage':'
[06/Apr/2015 13:39:28] DEBUG [django.db.backends:91] (0.001) QUERY = u'SELECT "blog_blogpost"."id", "blog_blogpost"."title", "blog_blogpost"."slug", "blog_blogpost"."published", "blog_blogpost"."teaser", "blog_blogpost"."content", "blog_blogpost"."date" FROM "blog_blogpost" ORDER BY "blog_blogpost"."id" DESC LIMIT 5' - PARAMS = (); args=()
[06/Apr/2015 13:39:28] DEBUG [django.db.backends:91] (0.000) QUERY = u'SELECT "blog_blogpost"."id", "blog_blogpost"."title", "blog_blogpost"."slug", "blog_blogpost"."published", "blog_blogpost"."teaser", "blog_blogpost"."content", "blog_blogpost"."date" FROM "blog_blogpost" ORDER BY "blog_blogpost"."id" DESC LIMIT 5' - PARAMS = (); args=()
[06/Apr/2015 13:39:28] DEBUG [django.db.backends:91] (0.000) QUERY = u'SELECT "blog_blogpost"."id", "blog_blogpost"."title", "blog_blogpost"."slug", "blog_blogpost"."published", "blog_blogpost"."teaser", "blog_blogpost"."content", "blog_blogpost"."date" FROM "blog_blogpost" ORDER BY "blog_blogpost"."id" DESC LIMIT 5' - PARAMS = (); args=()
[06/Apr/2015 13:39:28] DEBUG [django.db.backends:91] (0.000) QUERY = u'SELECT "blog_blogpost"."id", "blog_blogpost"."title", "blog_blogpost"."slug", "blog_blogpost"."published", "blog_blogpost"."teaser", "blog_blogpost"."content", "blog_blogpost"."date" FROM "blog_blogpost" ORDER BY "blog_blogpost"."id" DESC LIMIT 5' - PARAMS = (); args=()
[06/Apr/2015 13:39:28] DEBUG [django.db.backends:91] (0.000) QUERY = u'SELECT "pages_page"."id", "pages_page"."title", "pages_page"."slug", "pages_page"."published", "pages_page"."content", "pages_page"."date" FROM "pages_page" LIMIT 21' - PARAMS = (); args=()
[06/Apr/2015 13:39:28] DEBUG [django.db.backends:91] (0.000) QUERY = u'SELECT "pages_page"."id", "pages_page"."title", "pages_page"."slug", "pages_page"."published", "pages_page"."content", "pages_page"."date" FROM "pages_page" LIMIT 21' - PARAMS = (); args=()
[06/Apr/2015 13:39:28] DEBUG [django.db.backends:91] (0.000) QUERY = u'SELECT "pages_page"."id", "pages_page"."title", "pages_page"."slug", "pages_page"."published", "pages_page"."content", "pages_page"."date" FROM "pages_page" LIMIT 21' - PARAMS = (); args=()
[06/Apr/2015 13:39:28] DEBUG [django.db.backends:91] (0.000) QUERY = u'SELECT "blog_blogpost"."id", "blog_blogpost"."title", "blog_blogpost"."slug", "blog_blogpost"."published", "blog_blogpost"."teaser", "blog_blogpost"."content", "blog_blogpost"."date" FROM "blog_blogpost" ORDER BY "blog_blogpost"."id" DESC LIMIT 5' - PARAMS = (); args=()
[06/Apr/2015 13:39:28] DEBUG [django.db.backends:91] (0.000) QUERY = u'SELECT "blog_blogpost"."id", "blog_blogpost"."title", "blog_blogpost"."slug", "blog_blogpost"."published", "blog_blogpost"."teaser", "blog_blogpost"."content", "blog_blogpost"."date" FROM "blog_blogpost" ORDER BY "blog_blogpost"."id" DESC LIMIT 5' - PARAMS = (); args=()
[06/Apr/2015 13:39:28] DEBUG [django.db.backends:91] (0.000) QUERY = u'SELECT "pages_page"."id", "pages_page"."title", "pages_page"."slug", "pages_page"."published", "pages_page"."content", "pages_page"."date" FROM "pages_page" LIMIT 21' - PARAMS = (); args=()
[06/Apr/2015 13:39:28] DEBUG [django.db.backends:91] (0.000) QUERY = u'SELECT "pages_page"."id", "pages_page"."title", "pages_page"."slug", "pages_page"."published", "pages_page"."content", "pages_page"."date" FROM "pages_page" LIMIT 21' - PARAMS = (); args=()
[06/Apr/2015 13:39:28] DEBUG [django.db.backends:91] (0.000) QUERY = u'SELECT "pages_page"."id", "pages_page"."title", "pages_page"."slug", "pages_page"."published", "pages_page"."content", "pages_page"."date" FROM "pages_page" LIMIT 21' - PARAMS = (); args=()
[06/Apr/2015 13:39:28] DEBUG [django.db.backends:91] (0.000) QUERY = u'SELECT "pages_page"."id", "pages_page"."title", "pages_page"."slug", "pages_page"."published", "pages_page"."content", "pages_page"."date" FROM "pages_page" LIMIT 21' - PARAMS = (); args=()
[06/Apr/2015 13:39:28] DEBUG [django.db.backends:91] (0.000) QUERY = u'SELECT "pages_page"."id", "pages_page"."title", "pages_page"."slug", "pages_page"."published", "pages_page"."content", "pages_page"."date" FROM "pages_page" LIMIT 21' - PARAMS = (); args=()
[06/Apr/2015 13:39:28] DEBUG [django.db.backends:91] (0.000) QUERY = u'SELECT "pages_page"."id", "pages_page"."title", "pages_page"."slug", "pages_page"."published", "pages_page"."content", "pages_page"."date" FROM "pages_page" LIMIT 21' - PARAMS = (); args=()
[06/Apr/2015 13:39:28] DEBUG [django.db.backends:91] (0.000) QUERY = u'SELECT "pages_page"."id", "pages_page"."title", "pages_page"."slug", "pages_page"."published", "pages_page"."content", "pages_page"."date" FROM "pages_page" LIMIT 21' - PARAMS = (); args=()
[06/Apr/2015 13:42:27] ERROR [django.request:231] Internal Server Error: /blog/
Traceback (most recent call last):
  File "/Users/erkan/Dev/Python/virtualenvs/postjust/lib/python2.7/site-packages/django/core/handlers/base.py", line 111, in get_response
    response = wrapped_callback(request, *callback_args, **callback_kwargs)
  File "/Users/erkan/Dev/Python/postjust/blog/views.py", line 9, in blogPostList
    return render(request, 'blogMainPage.html', {'postList' : postList})
  File "/Users/erkan/Dev/Python/virtualenvs/postjust/lib/python2.7/site-packages/django/shortcuts.py", line 50, in render
    return HttpResponse(loader.render_to_string(*args, **kwargs),
  File "/Users/erkan/Dev/Python/virtualenvs/postjust/lib/python2.7/site-packages/django/template/loader.py", line 178, in render_to_string
    return t.render(context_instance)
  File "/Users/erkan/Dev/Python/virtualenvs/postjust/lib/python2.7/site-packages/django/template/base.py", line 148, in render
    return self._render(context)
  File "/Users/erkan/Dev/Python/virtualenvs/postjust/lib/python2.7/site-packages/django/template/base.py", line 142, in _render
    return self.nodelist.render(context)
  File "/Users/erkan/Dev/Python/virtualenvs/postjust/lib/python2.7/site-packages/django/template/base.py", line 844, in render
    bit = self.render_node(node, context)
  File "/Users/erkan/Dev/Python/virtualenvs/postjust/lib/python2.7/site-packages/django/template/base.py", line 858, in render_node
    return node.render(context)
  File "/Users/erkan/Dev/Python/virtualenvs/postjust/lib/python2.7/site-packages/django/template/loader_tags.py", line 104, in render
    compiled_parent = self.get_parent(context)
  File "/Users/erkan/Dev/Python/virtualenvs/postjust/lib/python2.7/site-packages/django/template/loader_tags.py", line 101, in get_parent
    return get_template(parent)
  File "/Users/erkan/Dev/Python/virtualenvs/postjust/lib/python2.7/site-packages/django/template/loader.py", line 144, in get_template
    template, origin = find_template(template_name, dirs)
  File "/Users/erkan/Dev/Python/virtualenvs/postjust/lib/python2.7/site-packages/django/template/loader.py", line 132, in find_template
    source, display_name = loader(name, dirs)
  File "/Users/erkan/Dev/Python/virtualenvs/postjust/lib/python2.7/site-packages/django/template/loader.py", line 44, in __call__
    return self.load_template(template_name, template_dirs)
  File "/Users/erkan/Dev/Python/virtualenvs/postjust/lib/python2.7/site-packages/django/template/loader.py", line 50, in load_template
    template = get_template_from_string(source, origin, template_name)
  File "/Users/erkan/Dev/Python/virtualenvs/postjust/lib/python2.7/site-packages/django/template/loader.py", line 156, in get_template_from_string
    return Template(source, origin, name)
  File "/Users/erkan/Dev/Python/virtualenvs/postjust/lib/python2.7/site-packages/django/template/base.py", line 132, in __init__
    self.nodelist = compile_string(template_string, origin)
  File "/Users/erkan/Dev/Python/virtualenvs/postjust/lib/python2.7/site-packages/django/template/base.py", line 162, in compile_string
    return parser.parse()
  File "/Users/erkan/Dev/Python/virtualenvs/postjust/lib/python2.7/site-packages/django/template/base.py", line 290, in parse
    compiled_result = compile_func(self, token)
  File "/Users/erkan/Dev/Python/virtualenvs/postjust/lib/python2.7/site-packages/django/template/defaulttags.py", line 833, in do_for
    nodelist_loop = parser.parse(('empty', 'endfor',))
  File "/Users/erkan/Dev/Python/virtualenvs/postjust/lib/python2.7/site-packages/django/template/base.py", line 290, in parse
    compiled_result = compile_func(self, token)
  File "/Users/erkan/Dev/Python/virtualenvs/postjust/lib/python2.7/site-packages/django/template/defaulttags.py", line 974, in do_if
    condition = TemplateIfParser(parser, bits).parse()
  File "/Users/erkan/Dev/Python/virtualenvs/postjust/lib/python2.7/site-packages/django/template/smartif.py", line 192, in parse
    self.current_token.display())
TemplateSyntaxError: Unused 'is' at end of if expression.
[06/Apr/2015 13:42:27] DEBUG [django.db.backends:91] (0.001) QUERY = u'SELECT "blog_blogpost"."id", "blog_blogpost"."title", "blog_blogpost"."slug", "blog_blogpost"."published", "blog_blogpost"."teaser", "blog_blogpost"."content", "blog_blogpost"."date" FROM "blog_blogpost" ORDER BY "blog_blogpost"."id" DESC LIMIT 5' - PARAMS = (); args=()
[06/Apr/2015 13:42:27] DEBUG [django.db.backends:91] (0.000) QUERY = u'SELECT "blog_blogpost"."id", "blog_blogpost"."title", "blog_blogpost"."slug", "blog_blogpost"."published", "blog_blogpost"."teaser", "blog_blogpost"."content", "blog_blogpost"."date" FROM "blog_blogpost" ORDER BY "blog_blogpost"."id" DESC LIMIT 5' - PARAMS = (); args=()
[06/Apr/2015 13:42:27] DEBUG [django.db.backends:91] (0.000) QUERY = u'SELECT "blog_blogpost"."id", "blog_blogpost"."title", "blog_blogpost"."slug", "blog_blogpost"."published", "blog_blogpost"."teaser", "blog_blogpost"."content", "blog_blogpost"."date" FROM "blog_blogpost" ORDER BY "blog_blogpost"."id" DESC LIMIT 5' - PARAMS = (); args=()
[06/Apr/2015 13:42:27] DEBUG [django.db.backends:91] (0.000) QUERY = u'SELECT "blog_blogpost"."id", "blog_blogpost"."title", "blog_blogpost"."slug", "blog_blogpost"."published", "blog_blogpost"."teaser", "blog_blogpost"."content", "blog_blogpost"."date" FROM "blog_blogpost" ORDER BY "blog_blogpost"."id" DESC LIMIT 5' - PARAMS = (); args=()
[06/Apr/2015 13:42:27] DEBUG [django.db.backends:91] (0.000) QUERY = u'SELECT "pages_page"."id", "pages_page"."title", "pages_page"."slug", "pages_page"."published", "pages_page"."content", "pages_page"."date" FROM "pages_page" LIMIT 21' - PARAMS = (); args=()
[06/Apr/2015 13:42:27] DEBUG [django.db.backends:91] (0.000) QUERY = u'SELECT "pages_page"."id", "pages_page"."title", "pages_page"."slug", "pages_page"."published", "pages_page"."content", "pages_page"."date" FROM "pages_page" LIMIT 21' - PARAMS = (); args=()
[06/Apr/2015 13:42:27] DEBUG [django.db.backends:91] (0.000) QUERY = u'SELECT "pages_page"."id", "pages_page"."title", "pages_page"."slug", "pages_page"."published", "pages_page"."content", "pages_page"."date" FROM "pages_page" LIMIT 21' - PARAMS = (); args=()
[06/Apr/2015 13:42:27] DEBUG [django.db.backends:91] (0.000) QUERY = u'SELECT "blog_blogpost"."id", "blog_blogpost"."title", "blog_blogpost"."slug", "blog_blogpost"."published", "blog_blogpost"."teaser", "blog_blogpost"."content", "blog_blogpost"."date" FROM "blog_blogpost" ORDER BY "blog_blogpost"."id" DESC LIMIT 5' - PARAMS = (); args=()
[06/Apr/2015 13:42:27] DEBUG [django.db.backends:91] (0.000) QUERY = u'SELECT "blog_blogpost"."id", "blog_blogpost"."title", "blog_blogpost"."slug", "blog_blogpost"."published", "blog_blogpost"."teaser", "blog_blogpost"."content", "blog_blogpost"."date" FROM "blog_blogpost" ORDER BY "blog_blogpost"."id" DESC LIMIT 5' - PARAMS = (); args=()
[06/Apr/2015 13:42:27] DEBUG [django.db.backends:91] (0.000) QUERY = u'SELECT "pages_page"."id", "pages_page"."title", "pages_page"."slug", "pages_page"."published", "pages_page"."content", "pages_page"."date" FROM "pages_page" LIMIT 21' - PARAMS = (); args=()
[06/Apr/2015 13:42:27] DEBUG [django.db.backends:91] (0.000) QUERY = u'SELECT "pages_page"."id", "pages_page"."title", "pages_page"."slug", "pages_page"."published", "pages_page"."content", "pages_page"."date" FROM "pages_page" LIMIT 21' - PARAMS = (); args=()
[06/Apr/2015 13:42:27] DEBUG [django.db.backends:91] (0.000) QUERY = u'SELECT "pages_page"."id", "pages_page"."title", "pages_page"."slug", "pages_page"."published", "pages_page"."content", "pages_page"."date" FROM "pages_page" LIMIT 21' - PARAMS = (); args=()
[06/Apr/2015 13:42:27] DEBUG [django.db.backends:91] (0.000) QUERY = u'SELECT "pages_page"."id", "pages_page"."title", "pages_page"."slug", "pages_page"."published", "pages_page"."content", "pages_page"."date" FROM "pages_page" LIMIT 21' - PARAMS = (); args=()
[06/Apr/2015 13:42:27] DEBUG [django.db.backends:91] (0.000) QUERY = u'SELECT "pages_page"."id", "pages_page"."title", "pages_page"."slug", "pages_page"."published", "pages_page"."content", "pages_page"."date" FROM "pages_page" LIMIT 21' - PARAMS = (); args=()
[06/Apr/2015 13:42:27] DEBUG [django.db.backends:91] (0.000) QUERY = u'SELECT "pages_page"."id", "pages_page"."title", "pages_page"."slug", "pages_page"."published", "pages_page"."content", "pages_page"."date" FROM "pages_page" LIMIT 21' - PARAMS = (); args=()
[06/Apr/2015 13:42:27] DEBUG [django.db.backends:91] (0.000) QUERY = u'SELECT "pages_page"."id", "pages_page"."title", "pages_page"."slug", "pages_page"."published", "pages_page"."content", "pages_page"."date" FROM "pages_page" LIMIT 21' - PARAMS = (); args=()
[06/Apr/2015 13:42:47] DEBUG [django.db.backends:91] (0.001) QUERY = u'SELECT "pages_page"."id", "pages_page"."title", "pages_page"."slug", "pages_page"."published", "pages_page"."content", "pages_page"."date" FROM "pages_page"' - PARAMS = (); args=()
[06/Apr/2015 13:42:47] DEBUG [django.db.backends:91] (0.000) QUERY = u'SELECT "blog_blogpost"."id", "blog_blogpost"."title", "blog_blogpost"."slug", "blog_blogpost"."published", "blog_blogpost"."teaser", "blog_blogpost"."content", "blog_blogpost"."date" FROM "blog_blogpost" ORDER BY "blog_blogpost"."id" DESC LIMIT 5' - PARAMS = (); args=()
[06/Apr/2015 13:42:47] WARNING [django.request:143] Not Found: /assets/css/site.css
[06/Apr/2015 18:47:15] WARNING [django.request:143] Not Found: /assets/css/site.css
[06/Apr/2015 18:47:17] WARNING [django.request:143] Not Found: /assets/css/site.css
[06/Apr/2015 18:47:19] WARNING [django.request:143] Not Found: /assets/css/site.css
[06/Apr/2015 18:47:20] WARNING [django.request:143] Not Found: /assets/css/site.css
[06/Apr/2015 18:47:22] WARNING [django.request:143] Not Found: /assets/css/site.css
[06/Apr/2015 18:47:29] WARNING [django.request:143] Not Found: /assets/css/site.css
[06/Apr/2015 18:47:31] WARNING [django.request:143] Not Found: /assets/css/site.css
[06/Apr/2015 18:48:33] WARNING [django.request:143] Not Found: /assets/css/site.css
[06/Apr/2015 20:24:10] ERROR [django.request:231] Internal Server Error: /admin/
Traceback (most recent call last):
  File "/Users/erkan/Dev/Python/virtualenvs/postjust/lib/python2.7/site-packages/django/core/handlers/base.py", line 137, in get_response
    response = response.render()
  File "/Users/erkan/Dev/Python/virtualenvs/postjust/lib/python2.7/site-packages/django/template/response.py", line 103, in render
    self.content = self.rendered_content
  File "/Users/erkan/Dev/Python/virtualenvs/postjust/lib/python2.7/site-packages/django/template/response.py", line 80, in rendered_content
    content = template.render(context)
  File "/Users/erkan/Dev/Python/virtualenvs/postjust/lib/python2.7/site-packages/django/template/base.py", line 148, in render
    return self._render(context)
  File "/Users/erkan/Dev/Python/virtualenvs/postjust/lib/python2.7/site-packages/django/template/base.py", line 142, in _render
    return self.nodelist.render(context)
  File "/Users/erkan/Dev/Python/virtualenvs/postjust/lib/python2.7/site-packages/django/template/base.py", line 844, in render
    bit = self.render_node(node, context)
  File "/Users/erkan/Dev/Python/virtualenvs/postjust/lib/python2.7/site-packages/django/template/base.py", line 858, in render_node
    return node.render(context)
  File "/Users/erkan/Dev/Python/virtualenvs/postjust/lib/python2.7/site-packages/django/template/loader_tags.py", line 126, in render
    return compiled_parent._render(context)
  File "/Users/erkan/Dev/Python/virtualenvs/postjust/lib/python2.7/site-packages/django/template/base.py", line 142, in _render
    return self.nodelist.render(context)
  File "/Users/erkan/Dev/Python/virtualenvs/postjust/lib/python2.7/site-packages/django/template/base.py", line 844, in render
    bit = self.render_node(node, context)
  File "/Users/erkan/Dev/Python/virtualenvs/postjust/lib/python2.7/site-packages/django/template/base.py", line 858, in render_node
    return node.render(context)
  File "/Users/erkan/Dev/Python/virtualenvs/postjust/lib/python2.7/site-packages/django/template/loader_tags.py", line 126, in render
    return compiled_parent._render(context)
  File "/Users/erkan/Dev/Python/virtualenvs/postjust/lib/python2.7/site-packages/django/template/base.py", line 142, in _render
    return self.nodelist.render(context)
  File "/Users/erkan/Dev/Python/virtualenvs/postjust/lib/python2.7/site-packages/django/template/base.py", line 844, in render
    bit = self.render_node(node, context)
  File "/Users/erkan/Dev/Python/virtualenvs/postjust/lib/python2.7/site-packages/django/template/base.py", line 858, in render_node
    return node.render(context)
  File "/Users/erkan/Dev/Python/virtualenvs/postjust/lib/python2.7/site-packages/django/template/loader_tags.py", line 65, in render
    result = block.nodelist.render(context)
  File "/Users/erkan/Dev/Python/virtualenvs/postjust/lib/python2.7/site-packages/django/template/base.py", line 844, in render
    bit = self.render_node(node, context)
  File "/Users/erkan/Dev/Python/virtualenvs/postjust/lib/python2.7/site-packages/django/template/base.py", line 858, in render_node
    return node.render(context)
  File "/Users/erkan/Dev/Python/virtualenvs/postjust/lib/python2.7/site-packages/django/template/base.py", line 1136, in render
    return func(*resolved_args, **resolved_kwargs)
  File "/Users/erkan/Dev/Python/virtualenvs/postjust/lib/python2.7/site-packages/django/contrib/admin/templatetags/admin_static.py", line 17, in static
    return _static(path)
  File "/Users/erkan/Dev/Python/virtualenvs/postjust/lib/python2.7/site-packages/django/contrib/staticfiles/templatetags/staticfiles.py", line 9, in static
    return staticfiles_storage.url(path)
  File "/Users/erkan/Dev/Python/virtualenvs/postjust/lib/python2.7/site-packages/django/contrib/staticfiles/storage.py", line 128, in url
    hashed_name = self.stored_name(clean_name)
  File "/Users/erkan/Dev/Python/virtualenvs/postjust/lib/python2.7/site-packages/django/contrib/staticfiles/storage.py", line 277, in stored_name
    cache_name = self.clean_name(self.hashed_name(name))
  File "/Users/erkan/Dev/Python/virtualenvs/postjust/lib/python2.7/site-packages/django/contrib/staticfiles/storage.py", line 91, in hashed_name
    (clean_name, self))
ValueError: The file 'admin/css/base.css' could not be found with <whitenoise.django.GzipManifestStaticFilesStorage object at 0x10baf6710>.
[06/Apr/2015 20:24:10] ERROR [django.request:231] Internal Server Error: /admin/
Traceback (most recent call last):
  File "/Users/erkan/Dev/Python/virtualenvs/postjust/lib/python2.7/site-packages/django/core/handlers/base.py", line 137, in get_response
    response = response.render()
  File "/Users/erkan/Dev/Python/virtualenvs/postjust/lib/python2.7/site-packages/django/template/response.py", line 103, in render
    self.content = self.rendered_content
  File "/Users/erkan/Dev/Python/virtualenvs/postjust/lib/python2.7/site-packages/django/template/response.py", line 80, in rendered_content
    content = template.render(context)
  File "/Users/erkan/Dev/Python/virtualenvs/postjust/lib/python2.7/site-packages/django/template/base.py", line 148, in render
    return self._render(context)
  File "/Users/erkan/Dev/Python/virtualenvs/postjust/lib/python2.7/site-packages/django/template/base.py", line 142, in _render
    return self.nodelist.render(context)
  File "/Users/erkan/Dev/Python/virtualenvs/postjust/lib/python2.7/site-packages/django/template/base.py", line 844, in render
    bit = self.render_node(node, context)
  File "/Users/erkan/Dev/Python/virtualenvs/postjust/lib/python2.7/site-packages/django/template/base.py", line 858, in render_node
    return node.render(context)
  File "/Users/erkan/Dev/Python/virtualenvs/postjust/lib/python2.7/site-packages/django/template/loader_tags.py", line 126, in render
    return compiled_parent._render(context)
  File "/Users/erkan/Dev/Python/virtualenvs/postjust/lib/python2.7/site-packages/django/template/base.py", line 142, in _render
    return self.nodelist.render(context)
  File "/Users/erkan/Dev/Python/virtualenvs/postjust/lib/python2.7/site-packages/django/template/base.py", line 844, in render
    bit = self.render_node(node, context)
  File "/Users/erkan/Dev/Python/virtualenvs/postjust/lib/python2.7/site-packages/django/template/base.py", line 858, in render_node
    return node.render(context)
  File "/Users/erkan/Dev/Python/virtualenvs/postjust/lib/python2.7/site-packages/django/template/loader_tags.py", line 126, in render
    return compiled_parent._render(context)
  File "/Users/erkan/Dev/Python/virtualenvs/postjust/lib/python2.7/site-packages/django/template/base.py", line 142, in _render
    return self.nodelist.render(context)
  File "/Users/erkan/Dev/Python/virtualenvs/postjust/lib/python2.7/site-packages/django/template/base.py", line 844, in render
    bit = self.render_node(node, context)
  File "/Users/erkan/Dev/Python/virtualenvs/postjust/lib/python2.7/site-packages/django/template/base.py", line 858, in render_node
    return node.render(context)
  File "/Users/erkan/Dev/Python/virtualenvs/postjust/lib/python2.7/site-packages/django/template/loader_tags.py", line 65, in render
    result = block.nodelist.render(context)
  File "/Users/erkan/Dev/Python/virtualenvs/postjust/lib/python2.7/site-packages/django/template/base.py", line 844, in render
    bit = self.render_node(node, context)
  File "/Users/erkan/Dev/Python/virtualenvs/postjust/lib/python2.7/site-packages/django/template/base.py", line 858, in render_node
    return node.render(context)
  File "/Users/erkan/Dev/Python/virtualenvs/postjust/lib/python2.7/site-packages/django/template/base.py", line 1136, in render
    return func(*resolved_args, **resolved_kwargs)
  File "/Users/erkan/Dev/Python/virtualenvs/postjust/lib/python2.7/site-packages/django/contrib/admin/templatetags/admin_static.py", line 17, in static
    return _static(path)
  File "/Users/erkan/Dev/Python/virtualenvs/postjust/lib/python2.7/site-packages/django/contrib/staticfiles/templatetags/staticfiles.py", line 9, in static
    return staticfiles_storage.url(path)
  File "/Users/erkan/Dev/Python/virtualenvs/postjust/lib/python2.7/site-packages/django/contrib/staticfiles/storage.py", line 128, in url
    hashed_name = self.stored_name(clean_name)
  File "/Users/erkan/Dev/Python/virtualenvs/postjust/lib/python2.7/site-packages/django/contrib/staticfiles/storage.py", line 277, in stored_name
    cache_name = self.clean_name(self.hashed_name(name))
  File "/Users/erkan/Dev/Python/virtualenvs/postjust/lib/python2.7/site-packages/django/contrib/staticfiles/storage.py", line 91, in hashed_name
    (clean_name, self))
ValueError: The file 'admin/css/base.css' could not be found with <whitenoise.django.GzipManifestStaticFilesStorage object at 0x10baf6710>.
[06/Apr/2015 20:24:33] DEBUG [django.db.backends:91] (0.001) QUERY = u'SELECT "django_session"."session_key", "django_session"."session_data", "django_session"."expire_date" FROM "django_session" WHERE ("django_session"."session_key" = %s AND "django_session"."expire_date" > %s) LIMIT 21' - PARAMS = (u'0iz0rkyrct849mvlheds3k9mcmdi2dh5', u'2015-04-06 20:24:33.258350'); args=('0iz0rkyrct849mvlheds3k9mcmdi2dh5', u'2015-04-06 20:24:33.258350')
[06/Apr/2015 20:24:33] DEBUG [django.db.backends:91] (0.000) QUERY = u'SELECT "auth_user"."id", "auth_user"."password", "auth_user"."last_login", "auth_user"."is_superuser", "auth_user"."username", "auth_user"."first_name", "auth_user"."last_name", "auth_user"."email", "auth_user"."is_staff", "auth_user"."is_active", "auth_user"."date_joined" FROM "auth_user" WHERE "auth_user"."id" = %s LIMIT 21' - PARAMS = (1,); args=(1,)
[06/Apr/2015 20:24:33] DEBUG [django.db.backends:91] (0.001) QUERY = u'SELECT "django_admin_log"."id", "django_admin_log"."action_time", "django_admin_log"."user_id", "django_admin_log"."content_type_id", "django_admin_log"."object_id", "django_admin_log"."object_repr", "django_admin_log"."action_flag", "django_admin_log"."change_message", "auth_user"."id", "auth_user"."password", "auth_user"."last_login", "auth_user"."is_superuser", "auth_user"."username", "auth_user"."first_name", "auth_user"."last_name", "auth_user"."email", "auth_user"."is_staff", "auth_user"."is_active", "auth_user"."date_joined", "django_content_type"."id", "django_content_type"."name", "django_content_type"."app_label", "django_content_type"."model" FROM "django_admin_log" INNER JOIN "auth_user" ON ( "django_admin_log"."user_id" = "auth_user"."id" ) LEFT OUTER JOIN "django_content_type" ON ( "django_admin_log"."content_type_id" = "django_content_type"."id" ) WHERE "django_admin_log"."user_id" = %s ORDER BY "django_admin_log"."action_time" DESC LIMIT 10' - PARAMS = (1,); args=(1,)
[06/Apr/2015 20:24:33] WARNING [django.request:143] Not Found: /static/admin/css/base.css
[06/Apr/2015 20:24:33] WARNING [django.request:143] Not Found: /static/admin/css/dashboard.css
[06/Apr/2015 20:24:48] ERROR [django.request:231] Internal Server Error: /admin/
Traceback (most recent call last):
  File "/Users/erkan/Dev/Python/virtualenvs/postjust/lib/python2.7/site-packages/django/core/handlers/base.py", line 137, in get_response
    response = response.render()
  File "/Users/erkan/Dev/Python/virtualenvs/postjust/lib/python2.7/site-packages/django/template/response.py", line 103, in render
    self.content = self.rendered_content
  File "/Users/erkan/Dev/Python/virtualenvs/postjust/lib/python2.7/site-packages/django/template/response.py", line 80, in rendered_content
    content = template.render(context)
  File "/Users/erkan/Dev/Python/virtualenvs/postjust/lib/python2.7/site-packages/django/template/base.py", line 148, in render
    return self._render(context)
  File "/Users/erkan/Dev/Python/virtualenvs/postjust/lib/python2.7/site-packages/django/template/base.py", line 142, in _render
    return self.nodelist.render(context)
  File "/Users/erkan/Dev/Python/virtualenvs/postjust/lib/python2.7/site-packages/django/template/base.py", line 844, in render
    bit = self.render_node(node, context)
  File "/Users/erkan/Dev/Python/virtualenvs/postjust/lib/python2.7/site-packages/django/template/base.py", line 858, in render_node
    return node.render(context)
  File "/Users/erkan/Dev/Python/virtualenvs/postjust/lib/python2.7/site-packages/django/template/loader_tags.py", line 126, in render
    return compiled_parent._render(context)
  File "/Users/erkan/Dev/Python/virtualenvs/postjust/lib/python2.7/site-packages/django/template/base.py", line 142, in _render
    return self.nodelist.render(context)
  File "/Users/erkan/Dev/Python/virtualenvs/postjust/lib/python2.7/site-packages/django/template/base.py", line 844, in render
    bit = self.render_node(node, context)
  File "/Users/erkan/Dev/Python/virtualenvs/postjust/lib/python2.7/site-packages/django/template/base.py", line 858, in render_node
    return node.render(context)
  File "/Users/erkan/Dev/Python/virtualenvs/postjust/lib/python2.7/site-packages/django/template/loader_tags.py", line 126, in render
    return compiled_parent._render(context)
  File "/Users/erkan/Dev/Python/virtualenvs/postjust/lib/python2.7/site-packages/django/template/base.py", line 142, in _render
    return self.nodelist.render(context)
  File "/Users/erkan/Dev/Python/virtualenvs/postjust/lib/python2.7/site-packages/django/template/base.py", line 844, in render
    bit = self.render_node(node, context)
  File "/Users/erkan/Dev/Python/virtualenvs/postjust/lib/python2.7/site-packages/django/template/base.py", line 858, in render_node
    return node.render(context)
  File "/Users/erkan/Dev/Python/virtualenvs/postjust/lib/python2.7/site-packages/django/template/loader_tags.py", line 65, in render
    result = block.nodelist.render(context)
  File "/Users/erkan/Dev/Python/virtualenvs/postjust/lib/python2.7/site-packages/django/template/base.py", line 844, in render
    bit = self.render_node(node, context)
  File "/Users/erkan/Dev/Python/virtualenvs/postjust/lib/python2.7/site-packages/django/template/base.py", line 858, in render_node
    return node.render(context)
  File "/Users/erkan/Dev/Python/virtualenvs/postjust/lib/python2.7/site-packages/django/template/base.py", line 1136, in render
    return func(*resolved_args, **resolved_kwargs)
  File "/Users/erkan/Dev/Python/virtualenvs/postjust/lib/python2.7/site-packages/django/contrib/admin/templatetags/admin_static.py", line 17, in static
    return _static(path)
  File "/Users/erkan/Dev/Python/virtualenvs/postjust/lib/python2.7/site-packages/django/contrib/staticfiles/templatetags/staticfiles.py", line 9, in static
    return staticfiles_storage.url(path)
  File "/Users/erkan/Dev/Python/virtualenvs/postjust/lib/python2.7/site-packages/django/contrib/staticfiles/storage.py", line 128, in url
    hashed_name = self.stored_name(clean_name)
  File "/Users/erkan/Dev/Python/virtualenvs/postjust/lib/python2.7/site-packages/django/contrib/staticfiles/storage.py", line 277, in stored_name
    cache_name = self.clean_name(self.hashed_name(name))
  File "/Users/erkan/Dev/Python/virtualenvs/postjust/lib/python2.7/site-packages/django/contrib/staticfiles/storage.py", line 91, in hashed_name
    (clean_name, self))
ValueError: The file 'admin/css/base.css' could not be found with <whitenoise.django.GzipManifestStaticFilesStorage object at 0x106e9e750>.
[06/Apr/2015 20:26:31] ERROR [django.request:231] Internal Server Error: /admin/
Traceback (most recent call last):
  File "/Users/erkan/Dev/Python/virtualenvs/postjust/lib/python2.7/site-packages/django/core/handlers/base.py", line 137, in get_response
    response = response.render()
  File "/Users/erkan/Dev/Python/virtualenvs/postjust/lib/python2.7/site-packages/django/template/response.py", line 103, in render
    self.content = self.rendered_content
  File "/Users/erkan/Dev/Python/virtualenvs/postjust/lib/python2.7/site-packages/django/template/response.py", line 80, in rendered_content
    content = template.render(context)
  File "/Users/erkan/Dev/Python/virtualenvs/postjust/lib/python2.7/site-packages/django/template/base.py", line 148, in render
    return self._render(context)
  File "/Users/erkan/Dev/Python/virtualenvs/postjust/lib/python2.7/site-packages/django/template/base.py", line 142, in _render
    return self.nodelist.render(context)
  File "/Users/erkan/Dev/Python/virtualenvs/postjust/lib/python2.7/site-packages/django/template/base.py", line 844, in render
    bit = self.render_node(node, context)
  File "/Users/erkan/Dev/Python/virtualenvs/postjust/lib/python2.7/site-packages/django/template/base.py", line 858, in render_node
    return node.render(context)
  File "/Users/erkan/Dev/Python/virtualenvs/postjust/lib/python2.7/site-packages/django/template/loader_tags.py", line 126, in render
    return compiled_parent._render(context)
  File "/Users/erkan/Dev/Python/virtualenvs/postjust/lib/python2.7/site-packages/django/template/base.py", line 142, in _render
    return self.nodelist.render(context)
  File "/Users/erkan/Dev/Python/virtualenvs/postjust/lib/python2.7/site-packages/django/template/base.py", line 844, in render
    bit = self.render_node(node, context)
  File "/Users/erkan/Dev/Python/virtualenvs/postjust/lib/python2.7/site-packages/django/template/base.py", line 858, in render_node
    return node.render(context)
  File "/Users/erkan/Dev/Python/virtualenvs/postjust/lib/python2.7/site-packages/django/template/loader_tags.py", line 126, in render
    return compiled_parent._render(context)
  File "/Users/erkan/Dev/Python/virtualenvs/postjust/lib/python2.7/site-packages/django/template/base.py", line 142, in _render
    return self.nodelist.render(context)
  File "/Users/erkan/Dev/Python/virtualenvs/postjust/lib/python2.7/site-packages/django/template/base.py", line 844, in render
    bit = self.render_node(node, context)
  File "/Users/erkan/Dev/Python/virtualenvs/postjust/lib/python2.7/site-packages/django/template/base.py", line 858, in render_node
    return node.render(context)
  File "/Users/erkan/Dev/Python/virtualenvs/postjust/lib/python2.7/site-packages/django/template/loader_tags.py", line 65, in render
    result = block.nodelist.render(context)
  File "/Users/erkan/Dev/Python/virtualenvs/postjust/lib/python2.7/site-packages/django/template/base.py", line 844, in render
    bit = self.render_node(node, context)
  File "/Users/erkan/Dev/Python/virtualenvs/postjust/lib/python2.7/site-packages/django/template/base.py", line 858, in render_node
    return node.render(context)
  File "/Users/erkan/Dev/Python/virtualenvs/postjust/lib/python2.7/site-packages/django/template/base.py", line 1136, in render
    return func(*resolved_args, **resolved_kwargs)
  File "/Users/erkan/Dev/Python/virtualenvs/postjust/lib/python2.7/site-packages/django/contrib/admin/templatetags/admin_static.py", line 17, in static
    return _static(path)
  File "/Users/erkan/Dev/Python/virtualenvs/postjust/lib/python2.7/site-packages/django/contrib/staticfiles/templatetags/staticfiles.py", line 9, in static
    return staticfiles_storage.url(path)
  File "/Users/erkan/Dev/Python/virtualenvs/postjust/lib/python2.7/site-packages/django/contrib/staticfiles/storage.py", line 128, in url
    hashed_name = self.stored_name(clean_name)
  File "/Users/erkan/Dev/Python/virtualenvs/postjust/lib/python2.7/site-packages/django/contrib/staticfiles/storage.py", line 277, in stored_name
    cache_name = self.clean_name(self.hashed_name(name))
  File "/Users/erkan/Dev/Python/virtualenvs/postjust/lib/python2.7/site-packages/django/contrib/staticfiles/storage.py", line 91, in hashed_name
    (clean_name, self))
ValueError: The file 'admin/css/base.css' could not be found with <whitenoise.django.GzipManifestStaticFilesStorage object at 0x10b4fa650>.
[06/Apr/2015 20:26:32] ERROR [django.request:231] Internal Server Error: /admin/
Traceback (most recent call last):
  File "/Users/erkan/Dev/Python/virtualenvs/postjust/lib/python2.7/site-packages/django/core/handlers/base.py", line 137, in get_response
    response = response.render()
  File "/Users/erkan/Dev/Python/virtualenvs/postjust/lib/python2.7/site-packages/django/template/response.py", line 103, in render
    self.content = self.rendered_content
  File "/Users/erkan/Dev/Python/virtualenvs/postjust/lib/python2.7/site-packages/django/template/response.py", line 80, in rendered_content
    content = template.render(context)
  File "/Users/erkan/Dev/Python/virtualenvs/postjust/lib/python2.7/site-packages/django/template/base.py", line 148, in render
    return self._render(context)
  File "/Users/erkan/Dev/Python/virtualenvs/postjust/lib/python2.7/site-packages/django/template/base.py", line 142, in _render
    return self.nodelist.render(context)
  File "/Users/erkan/Dev/Python/virtualenvs/postjust/lib/python2.7/site-packages/django/template/base.py", line 844, in render
    bit = self.render_node(node, context)
  File "/Users/erkan/Dev/Python/virtualenvs/postjust/lib/python2.7/site-packages/django/template/base.py", line 858, in render_node
    return node.render(context)
  File "/Users/erkan/Dev/Python/virtualenvs/postjust/lib/python2.7/site-packages/django/template/loader_tags.py", line 126, in render
    return compiled_parent._render(context)
  File "/Users/erkan/Dev/Python/virtualenvs/postjust/lib/python2.7/site-packages/django/template/base.py", line 142, in _render
    return self.nodelist.render(context)
  File "/Users/erkan/Dev/Python/virtualenvs/postjust/lib/python2.7/site-packages/django/template/base.py", line 844, in render
    bit = self.render_node(node, context)
  File "/Users/erkan/Dev/Python/virtualenvs/postjust/lib/python2.7/site-packages/django/template/base.py", line 858, in render_node
    return node.render(context)
  File "/Users/erkan/Dev/Python/virtualenvs/postjust/lib/python2.7/site-packages/django/template/loader_tags.py", line 126, in render
    return compiled_parent._render(context)
  File "/Users/erkan/Dev/Python/virtualenvs/postjust/lib/python2.7/site-packages/django/template/base.py", line 142, in _render
    return self.nodelist.render(context)
  File "/Users/erkan/Dev/Python/virtualenvs/postjust/lib/python2.7/site-packages/django/template/base.py", line 844, in render
    bit = self.render_node(node, context)
  File "/Users/erkan/Dev/Python/virtualenvs/postjust/lib/python2.7/site-packages/django/template/base.py", line 858, in render_node
    return node.render(context)
  File "/Users/erkan/Dev/Python/virtualenvs/postjust/lib/python2.7/site-packages/django/template/loader_tags.py", line 65, in render
    result = block.nodelist.render(context)
  File "/Users/erkan/Dev/Python/virtualenvs/postjust/lib/python2.7/site-packages/django/template/base.py", line 844, in render
    bit = self.render_node(node, context)
  File "/Users/erkan/Dev/Python/virtualenvs/postjust/lib/python2.7/site-packages/django/template/base.py", line 858, in render_node
    return node.render(context)
  File "/Users/erkan/Dev/Python/virtualenvs/postjust/lib/python2.7/site-packages/django/template/base.py", line 1136, in render
    return func(*resolved_args, **resolved_kwargs)
  File "/Users/erkan/Dev/Python/virtualenvs/postjust/lib/python2.7/site-packages/django/contrib/admin/templatetags/admin_static.py", line 17, in static
    return _static(path)
  File "/Users/erkan/Dev/Python/virtualenvs/postjust/lib/python2.7/site-packages/django/contrib/staticfiles/templatetags/staticfiles.py", line 9, in static
    return staticfiles_storage.url(path)
  File "/Users/erkan/Dev/Python/virtualenvs/postjust/lib/python2.7/site-packages/django/contrib/staticfiles/storage.py", line 128, in url
    hashed_name = self.stored_name(clean_name)
  File "/Users/erkan/Dev/Python/virtualenvs/postjust/lib/python2.7/site-packages/django/contrib/staticfiles/storage.py", line 277, in stored_name
    cache_name = self.clean_name(self.hashed_name(name))
  File "/Users/erkan/Dev/Python/virtualenvs/postjust/lib/python2.7/site-packages/django/contrib/staticfiles/storage.py", line 91, in hashed_name
    (clean_name, self))
ValueError: The file 'admin/css/base.css' could not be found with <whitenoise.django.GzipManifestStaticFilesStorage object at 0x10b4fa650>.
